<?xml version="1.0" encoding="UTF-8"?>
<!-- Generated by org.testng.reporters.JUnitReportReporter -->
<testsuite hostname="DESKTOP-DI3P695" failures="0" tests="3" name="com.testcase.AddCustomerTest" time="1.829" errors="0" timestamp="2021-09-24T17:28:12 IST" skipped="0">
  <testcase classname="com.testcase.AddCustomerTest" name="addCoustomer" time="0.896"/>
  <system-out/>
  <testcase classname="com.testcase.AddCustomerTest" name="addCoustomer" time="0.412"/>
  <system-out/>
  <testcase classname="com.testcase.AddCustomerTest" name="addCoustomer" time="0.521"/>
  <system-out/>
</testsuite> <!-- com.testcase.AddCustomerTest -->
