<?xml version="1.0" encoding="UTF-8"?>
<!-- Generated by org.testng.reporters.JUnitReportReporter -->
<testsuite hostname="DESKTOP-DI3P695" failures="0" tests="1" name="com.testcase.BankManagerLoginTest" time="0.492" errors="0" timestamp="2021-09-24T17:32:46 IST" skipped="0">
  <testcase classname="com.testcase.BankManagerLoginTest" name="loginAsBankManager" time="0.492"/>
  <system-out>
    <![CDATA[Login successfully
<a target="_blank" href="C:\Users\rahul\Desktop\Screenshort.jpg"> ScrrenShort </a> ]]>
  </system-out>
</testsuite> <!-- com.testcase.BankManagerLoginTest -->
