<?xml version="1.0" encoding="UTF-8"?>
<!-- Generated by org.testng.reporters.JUnitReportReporter -->
<testsuite hostname="DESKTOP-DI3P695" failures="0" tests="1" name="example.LoggerExample" time="0.025" errors="0" timestamp="2021-09-24T02:02:51 IST" skipped="0">
  <testcase classname="example.LoggerExample" name="Test" time="0.025"/>
  <system-out/>
</testsuite> <!-- example.LoggerExample -->
