<?xml version="1.0" encoding="UTF-8"?>
<!-- Generated by org.testng.reporters.JUnitReportReporter -->
<testsuite hostname="DESKTOP-DI3P695" failures="0" tests="1" name="com.testcase.BankManagerLoginTest" time="0.188" errors="0" timestamp="2021-09-24T03:53:28 IST" skipped="0">
  <testcase classname="com.testcase.BankManagerLoginTest" name="loginAsBankManager" time="0.188"/>
  <system-out/>
</testsuite> <!-- com.testcase.BankManagerLoginTest -->
