<?xml version="1.0" encoding="UTF-8"?>
<!-- Generated by org.testng.reporters.JUnitReportReporter -->
<testsuite hostname="DESKTOP-DI3P695" failures="0" tests="1" name="com.testcase.LoginTest" time="3.120" errors="0" timestamp="2021-09-23T15:40:44 IST" skipped="0">
  <testcase classname="com.testcase.LoginTest" name="loginAsBankManager" time="3.120"/>
  <system-out/>
</testsuite> <!-- com.testcase.LoginTest -->
